<?xml version="1.0" encoding="UTF-8"?>
<!-- Generated by org.testng.reporters.JUnitXMLReporter -->
<testsuite hostname="DESKTOP-V515QSP" ignored="0" name="Dependancy" tests="3" failures="1" timestamp="28 Jun 2018 03:18:48 GMT" time="0.063" errors="0">
  <testcase name="login" time="0.016" classname="testng.DependsOnTest"/>
  <testcase name="logout" time="0.015" classname="testng.DependsOnTest">
    <failure type="java.lang.AssertionError" message="expected [true] but found [false]">
      <![CDATA[java.lang.AssertionError: expected [true] but found [false]
at testng.DependsOnTest.logout(DependsOnTest.java:22)
... Removed 29 stack frames]]>
    </failure>
  </testcase> <!-- logout -->
  <testcase name="test2" time="0.0" classname="testng.DependsOnTest">
    <skipped/>
  </testcase> <!-- test2 -->
</testsuite> <!-- Dependancy -->
