<?xml version="1.0" encoding="UTF-8"?>
<!-- Generated by org.testng.reporters.JUnitXMLReporter -->
<testsuite hostname="DESKTOP-V515QSP" ignored="0" name="grouptest" tests="4" failures="0" timestamp="28 Jun 2018 03:18:48 GMT" time="0.047" errors="0">
  <testcase name="test1" time="0.0" classname="testng.GroupTest"/>
  <testcase name="test2" time="0.0" classname="testng.GroupTest"/>
  <testcase name="test3" time="0.016" classname="testng.GroupTest"/>
  <testcase name="test4" time="0.015" classname="testng.GroupTest"/>
</testsuite> <!-- grouptest -->
