<?xml version="1.0" encoding="UTF-8"?>
<!-- Generated by org.testng.reporters.JUnitXMLReporter -->
<testsuite hostname="DESKTOP-V515QSP" ignored="0" name="Test" tests="2" failures="2" timestamp="18 May 2018 12:30:14 GMT" time="3.536" errors="0">
  <testcase name="testlistener" time="0.015" classname="testcustomlistener.TestLogin">
    <failure type="java.lang.NullPointerException">
      <![CDATA[java.lang.NullPointerException
at testcustomlistener.TestLogin.testlistener(TestLogin.java:14)
... Removed 25 stack frames]]>
    </failure>
  </testcase> <!-- testlistener -->
  <testcase name="testlistener" time="0.031" classname="testcustomlistener.TestLogin">
    <failure type="java.lang.NullPointerException">
      <![CDATA[java.lang.NullPointerException
at CutomeListener.ListenerInSelenium.onTestFailure(ListenerInSelenium.java:58)
... Removed 22 stack frames]]>
    </failure>
  </testcase> <!-- testlistener -->
</testsuite> <!-- Test -->
